<?xml version="1.0" encoding="UTF-8"?>
<!-- Generated by org.testng.reporters.JUnitReportReporter -->
<testsuite hostname="DESKTOP-UDH29V5" failures="0" tests="2" name="ToolsQA_TC.Tests_NF_PracticeForms" time="8.399" errors="0" timestamp="2024-04-06T01:59:32 PDT" skipped="1">
  <testcase classname="ToolsQA_TC.Tests_NF_PracticeForms" name="Test_PracticeForm_01" time="8.399"/>
  <system-out/>
  <testcase classname="ToolsQA_TC.Tests_NF_PracticeForms" name="Test_PracticeForm_03">
    <skipped/>
  </testcase> <!-- Test_PracticeForm_03 -->
  <system-out/>
</testsuite> <!-- ToolsQA_TC.Tests_NF_PracticeForms -->
