<?xml version="1.0" encoding="UTF-8"?>
<!-- Generated by org.testng.reporters.JUnitReportReporter -->
<testsuite hostname="DESKTOP-UDH29V5" failures="0" tests="1" name="ToolsQA_TC.Tests_NF_PracticeForms" time="7.603" errors="0" timestamp="2023-12-05T21:26:06 PST" skipped="0">
  <testcase classname="ToolsQA_TC.Tests_NF_PracticeForms" name="Test_PracticeForm_01" time="7.603"/>
  <system-out/>
</testsuite> <!-- ToolsQA_TC.Tests_NF_PracticeForms -->
