<?xml version="1.0" encoding="UTF-8"?>
<!-- Generated by org.testng.reporters.JUnitReportReporter -->
<testsuite hostname="DESKTOP-UDH29V5" failures="0" tests="1" name="ToolsQA_TC.Tests_PracticeForms" time="52.253" errors="0" timestamp="2023-11-14T20:17:15 PST" skipped="0">
  <testcase classname="ToolsQA_TC.Tests_PracticeForms" name="Test_PracticeForm_01" time="52.253"/>
  <system-out/>
</testsuite> <!-- ToolsQA_TC.Tests_PracticeForms -->
